CRITICAL - 2023-01-29 04:43:41 --> Invalid file: "frontend.php"
in SYSTEMPATH\Exceptions\FrameworkException.php on line 33.
 1 SYSTEMPATH\View\View.php(201): CodeIgniter\Exceptions\FrameworkException::forInvalidFile('frontend.php')
 2 SYSTEMPATH\View\View.php(229): CodeIgniter\View\View->render('frontend', [], true)
 3 SYSTEMPATH\Common.php(1177): CodeIgniter\View\View->render('welcome_message', [], true)
 4 APPPATH\Controllers\Home.php(9): view('welcome_message')
 5 SYSTEMPATH\CodeIgniter.php(934): App\Controllers\Home->index()
 6 SYSTEMPATH\CodeIgniter.php(499): CodeIgniter\CodeIgniter->runController(Object(App\Controllers\Home))
 7 SYSTEMPATH\CodeIgniter.php(368): CodeIgniter\CodeIgniter->handleRequest(null, Object(Config\Cache), false)
 8 FCPATH\index.php(67): CodeIgniter\CodeIgniter->run()
CRITICAL - 2023-01-29 04:43:45 --> Invalid file: "frontend.php"
in SYSTEMPATH\Exceptions\FrameworkException.php on line 33.
 1 SYSTEMPATH\View\View.php(201): CodeIgniter\Exceptions\FrameworkException::forInvalidFile('frontend.php')
 2 SYSTEMPATH\View\View.php(229): CodeIgniter\View\View->render('frontend', [], true)
 3 SYSTEMPATH\Common.php(1177): CodeIgniter\View\View->render('welcome_message', [], true)
 4 APPPATH\Controllers\Home.php(9): view('welcome_message')
 5 SYSTEMPATH\CodeIgniter.php(934): App\Controllers\Home->index()
 6 SYSTEMPATH\CodeIgniter.php(499): CodeIgniter\CodeIgniter->runController(Object(App\Controllers\Home))
 7 SYSTEMPATH\CodeIgniter.php(368): CodeIgniter\CodeIgniter->handleRequest(null, Object(Config\Cache), false)
 8 FCPATH\index.php(67): CodeIgniter\CodeIgniter->run()
CRITICAL - 2023-01-29 04:45:02 --> Invalid file: "frontend.php"
in SYSTEMPATH\Exceptions\FrameworkException.php on line 33.
 1 SYSTEMPATH\View\View.php(201): CodeIgniter\Exceptions\FrameworkException::forInvalidFile('frontend.php')
 2 SYSTEMPATH\View\View.php(229): CodeIgniter\View\View->render('frontend', [], true)
 3 SYSTEMPATH\Common.php(1177): CodeIgniter\View\View->render('welcome_message', [], true)
 4 APPPATH\Controllers\Home.php(9): view('welcome_message')
 5 SYSTEMPATH\CodeIgniter.php(934): App\Controllers\Home->index()
 6 SYSTEMPATH\CodeIgniter.php(499): CodeIgniter\CodeIgniter->runController(Object(App\Controllers\Home))
 7 SYSTEMPATH\CodeIgniter.php(368): CodeIgniter\CodeIgniter->handleRequest(null, Object(Config\Cache), false)
 8 FCPATH\index.php(67): CodeIgniter\CodeIgniter->run()
CRITICAL - 2023-01-29 04:45:02 --> Invalid file: "frontend.php"
in SYSTEMPATH\Exceptions\FrameworkException.php on line 33.
 1 SYSTEMPATH\View\View.php(201): CodeIgniter\Exceptions\FrameworkException::forInvalidFile('frontend.php')
 2 SYSTEMPATH\View\View.php(229): CodeIgniter\View\View->render('frontend', [], true)
 3 SYSTEMPATH\Common.php(1177): CodeIgniter\View\View->render('welcome_message', [], true)
 4 APPPATH\Controllers\Home.php(9): view('welcome_message')
 5 SYSTEMPATH\CodeIgniter.php(934): App\Controllers\Home->index()
 6 SYSTEMPATH\CodeIgniter.php(499): CodeIgniter\CodeIgniter->runController(Object(App\Controllers\Home))
 7 SYSTEMPATH\CodeIgniter.php(368): CodeIgniter\CodeIgniter->handleRequest(null, Object(Config\Cache), false)
 8 FCPATH\index.php(67): CodeIgniter\CodeIgniter->run()
CRITICAL - 2023-01-29 04:45:10 --> Invalid file: "frontend.php"
in SYSTEMPATH\Exceptions\FrameworkException.php on line 33.
 1 SYSTEMPATH\View\View.php(201): CodeIgniter\Exceptions\FrameworkException::forInvalidFile('frontend.php')
 2 SYSTEMPATH\View\View.php(229): CodeIgniter\View\View->render('frontend', [], true)
 3 SYSTEMPATH\Common.php(1177): CodeIgniter\View\View->render('welcome_message', [], true)
 4 APPPATH\Controllers\Home.php(9): view('welcome_message')
 5 SYSTEMPATH\CodeIgniter.php(934): App\Controllers\Home->index()
 6 SYSTEMPATH\CodeIgniter.php(499): CodeIgniter\CodeIgniter->runController(Object(App\Controllers\Home))
 7 SYSTEMPATH\CodeIgniter.php(368): CodeIgniter\CodeIgniter->handleRequest(null, Object(Config\Cache), false)
 8 FCPATH\index.php(67): CodeIgniter\CodeIgniter->run()
CRITICAL - 2023-01-29 04:46:22 --> Invalid file: "frontend.php"
in SYSTEMPATH\Exceptions\FrameworkException.php on line 33.
 1 SYSTEMPATH\View\View.php(201): CodeIgniter\Exceptions\FrameworkException::forInvalidFile('frontend.php')
 2 SYSTEMPATH\View\View.php(229): CodeIgniter\View\View->render('frontend', [], true)
 3 SYSTEMPATH\Common.php(1177): CodeIgniter\View\View->render('welcome_message', [], true)
 4 APPPATH\Controllers\Home.php(9): view('welcome_message')
 5 SYSTEMPATH\CodeIgniter.php(934): App\Controllers\Home->index()
 6 SYSTEMPATH\CodeIgniter.php(499): CodeIgniter\CodeIgniter->runController(Object(App\Controllers\Home))
 7 SYSTEMPATH\CodeIgniter.php(368): CodeIgniter\CodeIgniter->handleRequest(null, Object(Config\Cache), false)
 8 FCPATH\index.php(67): CodeIgniter\CodeIgniter->run()
CRITICAL - 2023-01-29 04:46:39 --> Invalid file: "frontend.php"
in SYSTEMPATH\Exceptions\FrameworkException.php on line 33.
 1 SYSTEMPATH\View\View.php(201): CodeIgniter\Exceptions\FrameworkException::forInvalidFile('frontend.php')
 2 SYSTEMPATH\View\View.php(229): CodeIgniter\View\View->render('frontend', [], true)
 3 SYSTEMPATH\Common.php(1177): CodeIgniter\View\View->render('welcome_message', [], true)
 4 APPPATH\Controllers\Home.php(9): view('welcome_message')
 5 SYSTEMPATH\CodeIgniter.php(934): App\Controllers\Home->index()
 6 SYSTEMPATH\CodeIgniter.php(499): CodeIgniter\CodeIgniter->runController(Object(App\Controllers\Home))
 7 SYSTEMPATH\CodeIgniter.php(368): CodeIgniter\CodeIgniter->handleRequest(null, Object(Config\Cache), false)
 8 FCPATH\index.php(67): CodeIgniter\CodeIgniter->run()
CRITICAL - 2023-01-29 04:57:57 --> Invalid file: "Layouts\sidbar.php"
in SYSTEMPATH\Exceptions\FrameworkException.php on line 33.
 1 SYSTEMPATH\View\View.php(201): CodeIgniter\Exceptions\FrameworkException::forInvalidFile('Layouts\\sidbar.php')
 2 SYSTEMPATH\View\View.php(431): CodeIgniter\View\View->render('Layouts\\sidbar', null, true)
 3 APPPATH\Views\Layouts\master.php(38): CodeIgniter\View\View->include('Layouts\\sidbar')
 4 SYSTEMPATH\View\View.php(213): include('APPPATH\\Views\\Layouts\\master.php')
 5 SYSTEMPATH\View\View.php(216): CodeIgniter\View\View->CodeIgniter\View\{closure}()
 6 SYSTEMPATH\View\View.php(229): CodeIgniter\View\View->render('Layouts\\master', [], true)
 7 SYSTEMPATH\Common.php(1177): CodeIgniter\View\View->render('welcome_message', [], true)
 8 APPPATH\Controllers\Home.php(9): view('welcome_message')
 9 SYSTEMPATH\CodeIgniter.php(934): App\Controllers\Home->index()
10 SYSTEMPATH\CodeIgniter.php(499): CodeIgniter\CodeIgniter->runController(Object(App\Controllers\Home))
11 SYSTEMPATH\CodeIgniter.php(368): CodeIgniter\CodeIgniter->handleRequest(null, Object(Config\Cache), false)
12 FCPATH\index.php(67): CodeIgniter\CodeIgniter->run()
CRITICAL - 2023-01-29 05:59:23 --> Call to undefined method App\Models\CategoryModel::FindeAll
in SYSTEMPATH\Model.php on line 841.
 1 APPPATH\Controllers\DatasetupController.php(10): CodeIgniter\Model->__call('FindeAll', [])
 2 SYSTEMPATH\CodeIgniter.php(934): App\Controllers\DatasetupController->index()
 3 SYSTEMPATH\CodeIgniter.php(499): CodeIgniter\CodeIgniter->runController(Object(App\Controllers\DatasetupController))
 4 SYSTEMPATH\CodeIgniter.php(368): CodeIgniter\CodeIgniter->handleRequest(null, Object(Config\Cache), false)
 5 FCPATH\index.php(67): CodeIgniter\CodeIgniter->run()
CRITICAL - 2023-01-29 06:00:00 --> Undefined index: cate_name
in APPPATH\Views\Datasetup\Category.php on line 52.
 1 APPPATH\Views\Datasetup\Category.php(52): CodeIgniter\Debug\Exceptions->errorHandler(8, 'Undefined index: cate_name', 'APPPATH\\Views\\Datasetup\\Category.php', 52, [...])
 2 SYSTEMPATH\View\View.php(213): include('APPPATH\\Views\\Datasetup\\Category.php')
 3 SYSTEMPATH\View\View.php(216): CodeIgniter\View\View->CodeIgniter\View\{closure}()
 4 SYSTEMPATH\Common.php(1177): CodeIgniter\View\View->render('Datasetup/Category', [], true)
 5 APPPATH\Controllers\DatasetupController.php(11): view('Datasetup/Category', [...])
 6 SYSTEMPATH\CodeIgniter.php(934): App\Controllers\DatasetupController->index()
 7 SYSTEMPATH\CodeIgniter.php(499): CodeIgniter\CodeIgniter->runController(Object(App\Controllers\DatasetupController))
 8 SYSTEMPATH\CodeIgniter.php(368): CodeIgniter\CodeIgniter->handleRequest(null, Object(Config\Cache), false)
 9 FCPATH\index.php(67): CodeIgniter\CodeIgniter->run()
CRITICAL - 2023-01-29 08:10:18 --> Allowed fields must be specified for model: "App\Models\CategoryModel"
in SYSTEMPATH\BaseModel.php on line 1242.
 1 SYSTEMPATH\BaseModel.php(1242): CodeIgniter\Database\Exceptions\DataException::forInvalidAllowedFields('App\\Models\\CategoryModel')
 2 SYSTEMPATH\BaseModel.php(757): CodeIgniter\BaseModel->doProtectFields([...])
 3 SYSTEMPATH\Model.php(729): CodeIgniter\BaseModel->insert([...], true)
 4 APPPATH\Controllers\DatasetupController.php(25): CodeIgniter\Model->insert([...])
 5 SYSTEMPATH\CodeIgniter.php(934): App\Controllers\DatasetupController->save_category()
 6 SYSTEMPATH\CodeIgniter.php(499): CodeIgniter\CodeIgniter->runController(Object(App\Controllers\DatasetupController))
 7 SYSTEMPATH\CodeIgniter.php(368): CodeIgniter\CodeIgniter->handleRequest(null, Object(Config\Cache), false)
 8 FCPATH\index.php(67): CodeIgniter\CodeIgniter->run()
CRITICAL - 2023-01-29 08:10:25 --> Allowed fields must be specified for model: "App\Models\CategoryModel"
in SYSTEMPATH\BaseModel.php on line 1242.
 1 SYSTEMPATH\BaseModel.php(1242): CodeIgniter\Database\Exceptions\DataException::forInvalidAllowedFields('App\\Models\\CategoryModel')
 2 SYSTEMPATH\BaseModel.php(757): CodeIgniter\BaseModel->doProtectFields([...])
 3 SYSTEMPATH\Model.php(729): CodeIgniter\BaseModel->insert([...], true)
 4 APPPATH\Controllers\DatasetupController.php(25): CodeIgniter\Model->insert([...])
 5 SYSTEMPATH\CodeIgniter.php(934): App\Controllers\DatasetupController->save_category()
 6 SYSTEMPATH\CodeIgniter.php(499): CodeIgniter\CodeIgniter->runController(Object(App\Controllers\DatasetupController))
 7 SYSTEMPATH\CodeIgniter.php(368): CodeIgniter\CodeIgniter->handleRequest(null, Object(Config\Cache), false)
 8 FCPATH\index.php(67): CodeIgniter\CodeIgniter->run()
CRITICAL - 2023-01-29 08:10:43 --> Allowed fields must be specified for model: "App\Models\CategoryModel"
in SYSTEMPATH\BaseModel.php on line 1242.
 1 SYSTEMPATH\BaseModel.php(1242): CodeIgniter\Database\Exceptions\DataException::forInvalidAllowedFields('App\\Models\\CategoryModel')
 2 SYSTEMPATH\BaseModel.php(757): CodeIgniter\BaseModel->doProtectFields([...])
 3 SYSTEMPATH\Model.php(729): CodeIgniter\BaseModel->insert([...], true)
 4 APPPATH\Controllers\DatasetupController.php(25): CodeIgniter\Model->insert([...])
 5 SYSTEMPATH\CodeIgniter.php(934): App\Controllers\DatasetupController->save_category()
 6 SYSTEMPATH\CodeIgniter.php(499): CodeIgniter\CodeIgniter->runController(Object(App\Controllers\DatasetupController))
 7 SYSTEMPATH\CodeIgniter.php(368): CodeIgniter\CodeIgniter->handleRequest(null, Object(Config\Cache), false)
 8 FCPATH\index.php(67): CodeIgniter\CodeIgniter->run()
CRITICAL - 2023-01-29 08:10:45 --> Allowed fields must be specified for model: "App\Models\CategoryModel"
in SYSTEMPATH\BaseModel.php on line 1242.
 1 SYSTEMPATH\BaseModel.php(1242): CodeIgniter\Database\Exceptions\DataException::forInvalidAllowedFields('App\\Models\\CategoryModel')
 2 SYSTEMPATH\BaseModel.php(757): CodeIgniter\BaseModel->doProtectFields([...])
 3 SYSTEMPATH\Model.php(729): CodeIgniter\BaseModel->insert([...], true)
 4 APPPATH\Controllers\DatasetupController.php(25): CodeIgniter\Model->insert([...])
 5 SYSTEMPATH\CodeIgniter.php(934): App\Controllers\DatasetupController->save_category()
 6 SYSTEMPATH\CodeIgniter.php(499): CodeIgniter\CodeIgniter->runController(Object(App\Controllers\DatasetupController))
 7 SYSTEMPATH\CodeIgniter.php(368): CodeIgniter\CodeIgniter->handleRequest(null, Object(Config\Cache), false)
 8 FCPATH\index.php(67): CodeIgniter\CodeIgniter->run()
CRITICAL - 2023-01-29 08:11:05 --> Allowed fields must be specified for model: "App\Models\CategoryModel"
in SYSTEMPATH\BaseModel.php on line 1242.
 1 SYSTEMPATH\BaseModel.php(1242): CodeIgniter\Database\Exceptions\DataException::forInvalidAllowedFields('App\\Models\\CategoryModel')
 2 SYSTEMPATH\BaseModel.php(757): CodeIgniter\BaseModel->doProtectFields([...])
 3 SYSTEMPATH\Model.php(729): CodeIgniter\BaseModel->insert([...], true)
 4 APPPATH\Controllers\DatasetupController.php(25): CodeIgniter\Model->insert([...])
 5 SYSTEMPATH\CodeIgniter.php(934): App\Controllers\DatasetupController->save_category()
 6 SYSTEMPATH\CodeIgniter.php(499): CodeIgniter\CodeIgniter->runController(Object(App\Controllers\DatasetupController))
 7 SYSTEMPATH\CodeIgniter.php(368): CodeIgniter\CodeIgniter->handleRequest(null, Object(Config\Cache), false)
 8 FCPATH\index.php(67): CodeIgniter\CodeIgniter->run()
CRITICAL - 2023-01-29 08:11:09 --> Allowed fields must be specified for model: "App\Models\CategoryModel"
in SYSTEMPATH\BaseModel.php on line 1242.
 1 SYSTEMPATH\BaseModel.php(1242): CodeIgniter\Database\Exceptions\DataException::forInvalidAllowedFields('App\\Models\\CategoryModel')
 2 SYSTEMPATH\BaseModel.php(757): CodeIgniter\BaseModel->doProtectFields([...])
 3 SYSTEMPATH\Model.php(729): CodeIgniter\BaseModel->insert([...], true)
 4 APPPATH\Controllers\DatasetupController.php(25): CodeIgniter\Model->insert([...])
 5 SYSTEMPATH\CodeIgniter.php(934): App\Controllers\DatasetupController->save_category()
 6 SYSTEMPATH\CodeIgniter.php(499): CodeIgniter\CodeIgniter->runController(Object(App\Controllers\DatasetupController))
 7 SYSTEMPATH\CodeIgniter.php(368): CodeIgniter\CodeIgniter->handleRequest(null, Object(Config\Cache), false)
 8 FCPATH\index.php(67): CodeIgniter\CodeIgniter->run()
CRITICAL - 2023-01-29 08:12:55 --> Allowed fields must be specified for model: "App\Models\CategoryModel"
in SYSTEMPATH\BaseModel.php on line 1242.
 1 SYSTEMPATH\BaseModel.php(1242): CodeIgniter\Database\Exceptions\DataException::forInvalidAllowedFields('App\\Models\\CategoryModel')
 2 SYSTEMPATH\BaseModel.php(757): CodeIgniter\BaseModel->doProtectFields([...])
 3 SYSTEMPATH\Model.php(729): CodeIgniter\BaseModel->insert([...], true)
 4 APPPATH\Controllers\DatasetupController.php(25): CodeIgniter\Model->insert([...])
 5 SYSTEMPATH\CodeIgniter.php(934): App\Controllers\DatasetupController->save_category()
 6 SYSTEMPATH\CodeIgniter.php(499): CodeIgniter\CodeIgniter->runController(Object(App\Controllers\DatasetupController))
 7 SYSTEMPATH\CodeIgniter.php(368): CodeIgniter\CodeIgniter->handleRequest(null, Object(Config\Cache), false)
 8 FCPATH\index.php(67): CodeIgniter\CodeIgniter->run()
