ERROR - 2023-01-30 14:19:36 --> mysqli_sql_exception: Column 'cate_name' cannot be null in C:\wamp64\www\Mypos\vendor\codeigniter4\framework\system\Database\MySQLi\Connection.php:295
Stack trace:
#0 C:\wamp64\www\Mypos\vendor\codeigniter4\framework\system\Database\MySQLi\Connection.php(295): mysqli->query('INSERT INTO `Ca...', 0)
#1 C:\wamp64\www\Mypos\vendor\codeigniter4\framework\system\Database\BaseConnection.php(691): CodeIgniter\Database\MySQLi\Connection->execute('INSERT INTO `Ca...')
#2 C:\wamp64\www\Mypos\vendor\codeigniter4\framework\system\Database\BaseConnection.php(605): CodeIgniter\Database\BaseConnection->simpleQuery('INSERT INTO `Ca...')
#3 C:\wamp64\www\Mypos\vendor\codeigniter4\framework\system\Database\BaseBuilder.php(2295): CodeIgniter\Database\BaseConnection->query('INSERT INTO `Ca...', Array, false)
#4 C:\wamp64\www\Mypos\vendor\codeigniter4\framework\system\Model.php(329): CodeIgniter\Database\BaseBuilder->insert()
#5 C:\wamp64\www\Mypos\vendor\codeigniter4\framework\system\BaseModel.php(782): CodeIgniter\Model->doInsert(Array)
#6 C:\wamp64\www\Mypos\vendor\codeigniter4\framework\system\Model.php(729): CodeIgniter\BaseModel->insert(Array, true)
#7 C:\wamp64\www\Mypos\app\Controllers\DatasetupController.php(25): CodeIgniter\Model->insert(Array)
#8 C:\wamp64\www\Mypos\vendor\codeigniter4\framework\system\CodeIgniter.php(934): App\Controllers\DatasetupController->save_category()
#9 C:\wamp64\www\Mypos\vendor\codeigniter4\framework\system\CodeIgniter.php(499): CodeIgniter\CodeIgniter->runController(Object(App\Controllers\DatasetupController))
#10 C:\wamp64\www\Mypos\vendor\codeigniter4\framework\system\CodeIgniter.php(368): CodeIgniter\CodeIgniter->handleRequest(NULL, Object(Config\Cache), false)
#11 C:\wamp64\www\Mypos\index.php(67): CodeIgniter\CodeIgniter->run()
#12 {main}
CRITICAL - 2023-01-30 14:19:36 --> Column 'cate_name' cannot be null
in SYSTEMPATH\Database\BaseConnection.php on line 645.
 1 SYSTEMPATH\Database\BaseBuilder.php(2295): CodeIgniter\Database\BaseConnection->query('INSERT INTO `Category` (`cate_name`, `des`) VALUES (:cate_name:, :des:)', [...], false)
 2 SYSTEMPATH\Model.php(329): CodeIgniter\Database\BaseBuilder->insert()
 3 SYSTEMPATH\BaseModel.php(782): CodeIgniter\Model->doInsert([...])
 4 SYSTEMPATH\Model.php(729): CodeIgniter\BaseModel->insert([...], true)
 5 APPPATH\Controllers\DatasetupController.php(25): CodeIgniter\Model->insert([...])
 6 SYSTEMPATH\CodeIgniter.php(934): App\Controllers\DatasetupController->save_category()
 7 SYSTEMPATH\CodeIgniter.php(499): CodeIgniter\CodeIgniter->runController(Object(App\Controllers\DatasetupController))
 8 SYSTEMPATH\CodeIgniter.php(368): CodeIgniter\CodeIgniter->handleRequest(null, Object(Config\Cache), false)
 9 FCPATH\index.php(67): CodeIgniter\CodeIgniter->run()
ERROR - 2023-01-30 14:19:38 --> mysqli_sql_exception: Column 'cate_name' cannot be null in C:\wamp64\www\Mypos\vendor\codeigniter4\framework\system\Database\MySQLi\Connection.php:295
Stack trace:
#0 C:\wamp64\www\Mypos\vendor\codeigniter4\framework\system\Database\MySQLi\Connection.php(295): mysqli->query('INSERT INTO `Ca...', 0)
#1 C:\wamp64\www\Mypos\vendor\codeigniter4\framework\system\Database\BaseConnection.php(691): CodeIgniter\Database\MySQLi\Connection->execute('INSERT INTO `Ca...')
#2 C:\wamp64\www\Mypos\vendor\codeigniter4\framework\system\Database\BaseConnection.php(605): CodeIgniter\Database\BaseConnection->simpleQuery('INSERT INTO `Ca...')
#3 C:\wamp64\www\Mypos\vendor\codeigniter4\framework\system\Database\BaseBuilder.php(2295): CodeIgniter\Database\BaseConnection->query('INSERT INTO `Ca...', Array, false)
#4 C:\wamp64\www\Mypos\vendor\codeigniter4\framework\system\Model.php(329): CodeIgniter\Database\BaseBuilder->insert()
#5 C:\wamp64\www\Mypos\vendor\codeigniter4\framework\system\BaseModel.php(782): CodeIgniter\Model->doInsert(Array)
#6 C:\wamp64\www\Mypos\vendor\codeigniter4\framework\system\Model.php(729): CodeIgniter\BaseModel->insert(Array, true)
#7 C:\wamp64\www\Mypos\app\Controllers\DatasetupController.php(25): CodeIgniter\Model->insert(Array)
#8 C:\wamp64\www\Mypos\vendor\codeigniter4\framework\system\CodeIgniter.php(934): App\Controllers\DatasetupController->save_category()
#9 C:\wamp64\www\Mypos\vendor\codeigniter4\framework\system\CodeIgniter.php(499): CodeIgniter\CodeIgniter->runController(Object(App\Controllers\DatasetupController))
#10 C:\wamp64\www\Mypos\vendor\codeigniter4\framework\system\CodeIgniter.php(368): CodeIgniter\CodeIgniter->handleRequest(NULL, Object(Config\Cache), false)
#11 C:\wamp64\www\Mypos\index.php(67): CodeIgniter\CodeIgniter->run()
#12 {main}
CRITICAL - 2023-01-30 14:19:38 --> Column 'cate_name' cannot be null
in SYSTEMPATH\Database\BaseConnection.php on line 645.
 1 SYSTEMPATH\Database\BaseBuilder.php(2295): CodeIgniter\Database\BaseConnection->query('INSERT INTO `Category` (`cate_name`, `des`) VALUES (:cate_name:, :des:)', [...], false)
 2 SYSTEMPATH\Model.php(329): CodeIgniter\Database\BaseBuilder->insert()
 3 SYSTEMPATH\BaseModel.php(782): CodeIgniter\Model->doInsert([...])
 4 SYSTEMPATH\Model.php(729): CodeIgniter\BaseModel->insert([...], true)
 5 APPPATH\Controllers\DatasetupController.php(25): CodeIgniter\Model->insert([...])
 6 SYSTEMPATH\CodeIgniter.php(934): App\Controllers\DatasetupController->save_category()
 7 SYSTEMPATH\CodeIgniter.php(499): CodeIgniter\CodeIgniter->runController(Object(App\Controllers\DatasetupController))
 8 SYSTEMPATH\CodeIgniter.php(368): CodeIgniter\CodeIgniter->handleRequest(null, Object(Config\Cache), false)
 9 FCPATH\index.php(67): CodeIgniter\CodeIgniter->run()
ERROR - 2023-01-30 14:19:49 --> mysqli_sql_exception: Column 'cate_name' cannot be null in C:\wamp64\www\Mypos\vendor\codeigniter4\framework\system\Database\MySQLi\Connection.php:295
Stack trace:
#0 C:\wamp64\www\Mypos\vendor\codeigniter4\framework\system\Database\MySQLi\Connection.php(295): mysqli->query('INSERT INTO `Ca...', 0)
#1 C:\wamp64\www\Mypos\vendor\codeigniter4\framework\system\Database\BaseConnection.php(691): CodeIgniter\Database\MySQLi\Connection->execute('INSERT INTO `Ca...')
#2 C:\wamp64\www\Mypos\vendor\codeigniter4\framework\system\Database\BaseConnection.php(605): CodeIgniter\Database\BaseConnection->simpleQuery('INSERT INTO `Ca...')
#3 C:\wamp64\www\Mypos\vendor\codeigniter4\framework\system\Database\BaseBuilder.php(2295): CodeIgniter\Database\BaseConnection->query('INSERT INTO `Ca...', Array, false)
#4 C:\wamp64\www\Mypos\vendor\codeigniter4\framework\system\Model.php(329): CodeIgniter\Database\BaseBuilder->insert()
#5 C:\wamp64\www\Mypos\vendor\codeigniter4\framework\system\BaseModel.php(782): CodeIgniter\Model->doInsert(Array)
#6 C:\wamp64\www\Mypos\vendor\codeigniter4\framework\system\Model.php(729): CodeIgniter\BaseModel->insert(Array, true)
#7 C:\wamp64\www\Mypos\app\Controllers\DatasetupController.php(25): CodeIgniter\Model->insert(Array)
#8 C:\wamp64\www\Mypos\vendor\codeigniter4\framework\system\CodeIgniter.php(934): App\Controllers\DatasetupController->save_category()
#9 C:\wamp64\www\Mypos\vendor\codeigniter4\framework\system\CodeIgniter.php(499): CodeIgniter\CodeIgniter->runController(Object(App\Controllers\DatasetupController))
#10 C:\wamp64\www\Mypos\vendor\codeigniter4\framework\system\CodeIgniter.php(368): CodeIgniter\CodeIgniter->handleRequest(NULL, Object(Config\Cache), false)
#11 C:\wamp64\www\Mypos\index.php(67): CodeIgniter\CodeIgniter->run()
#12 {main}
CRITICAL - 2023-01-30 14:19:49 --> Column 'cate_name' cannot be null
in SYSTEMPATH\Database\BaseConnection.php on line 645.
 1 SYSTEMPATH\Database\BaseBuilder.php(2295): CodeIgniter\Database\BaseConnection->query('INSERT INTO `Category` (`cate_name`, `des`) VALUES (:cate_name:, :des:)', [...], false)
 2 SYSTEMPATH\Model.php(329): CodeIgniter\Database\BaseBuilder->insert()
 3 SYSTEMPATH\BaseModel.php(782): CodeIgniter\Model->doInsert([...])
 4 SYSTEMPATH\Model.php(729): CodeIgniter\BaseModel->insert([...], true)
 5 APPPATH\Controllers\DatasetupController.php(25): CodeIgniter\Model->insert([...])
 6 SYSTEMPATH\CodeIgniter.php(934): App\Controllers\DatasetupController->save_category()
 7 SYSTEMPATH\CodeIgniter.php(499): CodeIgniter\CodeIgniter->runController(Object(App\Controllers\DatasetupController))
 8 SYSTEMPATH\CodeIgniter.php(368): CodeIgniter\CodeIgniter->handleRequest(null, Object(Config\Cache), false)
 9 FCPATH\index.php(67): CodeIgniter\CodeIgniter->run()
ERROR - 2023-01-30 14:20:42 --> mysqli_sql_exception: Column 'cate_name' cannot be null in C:\wamp64\www\Mypos\vendor\codeigniter4\framework\system\Database\MySQLi\Connection.php:295
Stack trace:
#0 C:\wamp64\www\Mypos\vendor\codeigniter4\framework\system\Database\MySQLi\Connection.php(295): mysqli->query('INSERT INTO `Ca...', 0)
#1 C:\wamp64\www\Mypos\vendor\codeigniter4\framework\system\Database\BaseConnection.php(691): CodeIgniter\Database\MySQLi\Connection->execute('INSERT INTO `Ca...')
#2 C:\wamp64\www\Mypos\vendor\codeigniter4\framework\system\Database\BaseConnection.php(605): CodeIgniter\Database\BaseConnection->simpleQuery('INSERT INTO `Ca...')
#3 C:\wamp64\www\Mypos\vendor\codeigniter4\framework\system\Database\BaseBuilder.php(2295): CodeIgniter\Database\BaseConnection->query('INSERT INTO `Ca...', Array, false)
#4 C:\wamp64\www\Mypos\vendor\codeigniter4\framework\system\Model.php(329): CodeIgniter\Database\BaseBuilder->insert()
#5 C:\wamp64\www\Mypos\vendor\codeigniter4\framework\system\BaseModel.php(782): CodeIgniter\Model->doInsert(Array)
#6 C:\wamp64\www\Mypos\vendor\codeigniter4\framework\system\Model.php(729): CodeIgniter\BaseModel->insert(Array, true)
#7 C:\wamp64\www\Mypos\app\Controllers\DatasetupController.php(25): CodeIgniter\Model->insert(Array)
#8 C:\wamp64\www\Mypos\vendor\codeigniter4\framework\system\CodeIgniter.php(934): App\Controllers\DatasetupController->save_category()
#9 C:\wamp64\www\Mypos\vendor\codeigniter4\framework\system\CodeIgniter.php(499): CodeIgniter\CodeIgniter->runController(Object(App\Controllers\DatasetupController))
#10 C:\wamp64\www\Mypos\vendor\codeigniter4\framework\system\CodeIgniter.php(368): CodeIgniter\CodeIgniter->handleRequest(NULL, Object(Config\Cache), false)
#11 C:\wamp64\www\Mypos\index.php(67): CodeIgniter\CodeIgniter->run()
#12 {main}
CRITICAL - 2023-01-30 14:20:42 --> Column 'cate_name' cannot be null
in SYSTEMPATH\Database\BaseConnection.php on line 645.
 1 SYSTEMPATH\Database\BaseBuilder.php(2295): CodeIgniter\Database\BaseConnection->query('INSERT INTO `Category` (`cate_name`, `des`) VALUES (:cate_name:, :des:)', [...], false)
 2 SYSTEMPATH\Model.php(329): CodeIgniter\Database\BaseBuilder->insert()
 3 SYSTEMPATH\BaseModel.php(782): CodeIgniter\Model->doInsert([...])
 4 SYSTEMPATH\Model.php(729): CodeIgniter\BaseModel->insert([...], true)
 5 APPPATH\Controllers\DatasetupController.php(25): CodeIgniter\Model->insert([...])
 6 SYSTEMPATH\CodeIgniter.php(934): App\Controllers\DatasetupController->save_category()
 7 SYSTEMPATH\CodeIgniter.php(499): CodeIgniter\CodeIgniter->runController(Object(App\Controllers\DatasetupController))
 8 SYSTEMPATH\CodeIgniter.php(368): CodeIgniter\CodeIgniter->handleRequest(null, Object(Config\Cache), false)
 9 FCPATH\index.php(67): CodeIgniter\CodeIgniter->run()
ERROR - 2023-01-30 14:21:39 --> mysqli_sql_exception: Column 'cate_name' cannot be null in C:\wamp64\www\Mypos\vendor\codeigniter4\framework\system\Database\MySQLi\Connection.php:295
Stack trace:
#0 C:\wamp64\www\Mypos\vendor\codeigniter4\framework\system\Database\MySQLi\Connection.php(295): mysqli->query('INSERT INTO `Ca...', 0)
#1 C:\wamp64\www\Mypos\vendor\codeigniter4\framework\system\Database\BaseConnection.php(691): CodeIgniter\Database\MySQLi\Connection->execute('INSERT INTO `Ca...')
#2 C:\wamp64\www\Mypos\vendor\codeigniter4\framework\system\Database\BaseConnection.php(605): CodeIgniter\Database\BaseConnection->simpleQuery('INSERT INTO `Ca...')
#3 C:\wamp64\www\Mypos\vendor\codeigniter4\framework\system\Database\BaseBuilder.php(2295): CodeIgniter\Database\BaseConnection->query('INSERT INTO `Ca...', Array, false)
#4 C:\wamp64\www\Mypos\vendor\codeigniter4\framework\system\Model.php(329): CodeIgniter\Database\BaseBuilder->insert()
#5 C:\wamp64\www\Mypos\vendor\codeigniter4\framework\system\BaseModel.php(782): CodeIgniter\Model->doInsert(Array)
#6 C:\wamp64\www\Mypos\vendor\codeigniter4\framework\system\Model.php(729): CodeIgniter\BaseModel->insert(Array, true)
#7 C:\wamp64\www\Mypos\app\Controllers\DatasetupController.php(25): CodeIgniter\Model->insert(Array)
#8 C:\wamp64\www\Mypos\vendor\codeigniter4\framework\system\CodeIgniter.php(934): App\Controllers\DatasetupController->save_category()
#9 C:\wamp64\www\Mypos\vendor\codeigniter4\framework\system\CodeIgniter.php(499): CodeIgniter\CodeIgniter->runController(Object(App\Controllers\DatasetupController))
#10 C:\wamp64\www\Mypos\vendor\codeigniter4\framework\system\CodeIgniter.php(368): CodeIgniter\CodeIgniter->handleRequest(NULL, Object(Config\Cache), false)
#11 C:\wamp64\www\Mypos\index.php(67): CodeIgniter\CodeIgniter->run()
#12 {main}
CRITICAL - 2023-01-30 14:21:39 --> Column 'cate_name' cannot be null
in SYSTEMPATH\Database\BaseConnection.php on line 645.
 1 SYSTEMPATH\Database\BaseBuilder.php(2295): CodeIgniter\Database\BaseConnection->query('INSERT INTO `Category` (`cate_name`, `des`) VALUES (:cate_name:, :des:)', [...], false)
 2 SYSTEMPATH\Model.php(329): CodeIgniter\Database\BaseBuilder->insert()
 3 SYSTEMPATH\BaseModel.php(782): CodeIgniter\Model->doInsert([...])
 4 SYSTEMPATH\Model.php(729): CodeIgniter\BaseModel->insert([...], true)
 5 APPPATH\Controllers\DatasetupController.php(25): CodeIgniter\Model->insert([...])
 6 SYSTEMPATH\CodeIgniter.php(934): App\Controllers\DatasetupController->save_category()
 7 SYSTEMPATH\CodeIgniter.php(499): CodeIgniter\CodeIgniter->runController(Object(App\Controllers\DatasetupController))
 8 SYSTEMPATH\CodeIgniter.php(368): CodeIgniter\CodeIgniter->handleRequest(null, Object(Config\Cache), false)
 9 FCPATH\index.php(67): CodeIgniter\CodeIgniter->run()
ERROR - 2023-01-30 14:21:40 --> mysqli_sql_exception: Column 'cate_name' cannot be null in C:\wamp64\www\Mypos\vendor\codeigniter4\framework\system\Database\MySQLi\Connection.php:295
Stack trace:
#0 C:\wamp64\www\Mypos\vendor\codeigniter4\framework\system\Database\MySQLi\Connection.php(295): mysqli->query('INSERT INTO `Ca...', 0)
#1 C:\wamp64\www\Mypos\vendor\codeigniter4\framework\system\Database\BaseConnection.php(691): CodeIgniter\Database\MySQLi\Connection->execute('INSERT INTO `Ca...')
#2 C:\wamp64\www\Mypos\vendor\codeigniter4\framework\system\Database\BaseConnection.php(605): CodeIgniter\Database\BaseConnection->simpleQuery('INSERT INTO `Ca...')
#3 C:\wamp64\www\Mypos\vendor\codeigniter4\framework\system\Database\BaseBuilder.php(2295): CodeIgniter\Database\BaseConnection->query('INSERT INTO `Ca...', Array, false)
#4 C:\wamp64\www\Mypos\vendor\codeigniter4\framework\system\Model.php(329): CodeIgniter\Database\BaseBuilder->insert()
#5 C:\wamp64\www\Mypos\vendor\codeigniter4\framework\system\BaseModel.php(782): CodeIgniter\Model->doInsert(Array)
#6 C:\wamp64\www\Mypos\vendor\codeigniter4\framework\system\Model.php(729): CodeIgniter\BaseModel->insert(Array, true)
#7 C:\wamp64\www\Mypos\app\Controllers\DatasetupController.php(25): CodeIgniter\Model->insert(Array)
#8 C:\wamp64\www\Mypos\vendor\codeigniter4\framework\system\CodeIgniter.php(934): App\Controllers\DatasetupController->save_category()
#9 C:\wamp64\www\Mypos\vendor\codeigniter4\framework\system\CodeIgniter.php(499): CodeIgniter\CodeIgniter->runController(Object(App\Controllers\DatasetupController))
#10 C:\wamp64\www\Mypos\vendor\codeigniter4\framework\system\CodeIgniter.php(368): CodeIgniter\CodeIgniter->handleRequest(NULL, Object(Config\Cache), false)
#11 C:\wamp64\www\Mypos\index.php(67): CodeIgniter\CodeIgniter->run()
#12 {main}
CRITICAL - 2023-01-30 14:21:40 --> Column 'cate_name' cannot be null
in SYSTEMPATH\Database\BaseConnection.php on line 645.
 1 SYSTEMPATH\Database\BaseBuilder.php(2295): CodeIgniter\Database\BaseConnection->query('INSERT INTO `Category` (`cate_name`, `des`) VALUES (:cate_name:, :des:)', [...], false)
 2 SYSTEMPATH\Model.php(329): CodeIgniter\Database\BaseBuilder->insert()
 3 SYSTEMPATH\BaseModel.php(782): CodeIgniter\Model->doInsert([...])
 4 SYSTEMPATH\Model.php(729): CodeIgniter\BaseModel->insert([...], true)
 5 APPPATH\Controllers\DatasetupController.php(25): CodeIgniter\Model->insert([...])
 6 SYSTEMPATH\CodeIgniter.php(934): App\Controllers\DatasetupController->save_category()
 7 SYSTEMPATH\CodeIgniter.php(499): CodeIgniter\CodeIgniter->runController(Object(App\Controllers\DatasetupController))
 8 SYSTEMPATH\CodeIgniter.php(368): CodeIgniter\CodeIgniter->handleRequest(null, Object(Config\Cache), false)
 9 FCPATH\index.php(67): CodeIgniter\CodeIgniter->run()
ERROR - 2023-01-30 14:21:41 --> mysqli_sql_exception: Column 'cate_name' cannot be null in C:\wamp64\www\Mypos\vendor\codeigniter4\framework\system\Database\MySQLi\Connection.php:295
Stack trace:
#0 C:\wamp64\www\Mypos\vendor\codeigniter4\framework\system\Database\MySQLi\Connection.php(295): mysqli->query('INSERT INTO `Ca...', 0)
#1 C:\wamp64\www\Mypos\vendor\codeigniter4\framework\system\Database\BaseConnection.php(691): CodeIgniter\Database\MySQLi\Connection->execute('INSERT INTO `Ca...')
#2 C:\wamp64\www\Mypos\vendor\codeigniter4\framework\system\Database\BaseConnection.php(605): CodeIgniter\Database\BaseConnection->simpleQuery('INSERT INTO `Ca...')
#3 C:\wamp64\www\Mypos\vendor\codeigniter4\framework\system\Database\BaseBuilder.php(2295): CodeIgniter\Database\BaseConnection->query('INSERT INTO `Ca...', Array, false)
#4 C:\wamp64\www\Mypos\vendor\codeigniter4\framework\system\Model.php(329): CodeIgniter\Database\BaseBuilder->insert()
#5 C:\wamp64\www\Mypos\vendor\codeigniter4\framework\system\BaseModel.php(782): CodeIgniter\Model->doInsert(Array)
#6 C:\wamp64\www\Mypos\vendor\codeigniter4\framework\system\Model.php(729): CodeIgniter\BaseModel->insert(Array, true)
#7 C:\wamp64\www\Mypos\app\Controllers\DatasetupController.php(25): CodeIgniter\Model->insert(Array)
#8 C:\wamp64\www\Mypos\vendor\codeigniter4\framework\system\CodeIgniter.php(934): App\Controllers\DatasetupController->save_category()
#9 C:\wamp64\www\Mypos\vendor\codeigniter4\framework\system\CodeIgniter.php(499): CodeIgniter\CodeIgniter->runController(Object(App\Controllers\DatasetupController))
#10 C:\wamp64\www\Mypos\vendor\codeigniter4\framework\system\CodeIgniter.php(368): CodeIgniter\CodeIgniter->handleRequest(NULL, Object(Config\Cache), false)
#11 C:\wamp64\www\Mypos\index.php(67): CodeIgniter\CodeIgniter->run()
#12 {main}
CRITICAL - 2023-01-30 14:21:41 --> Column 'cate_name' cannot be null
in SYSTEMPATH\Database\BaseConnection.php on line 645.
 1 SYSTEMPATH\Database\BaseBuilder.php(2295): CodeIgniter\Database\BaseConnection->query('INSERT INTO `Category` (`cate_name`, `des`) VALUES (:cate_name:, :des:)', [...], false)
 2 SYSTEMPATH\Model.php(329): CodeIgniter\Database\BaseBuilder->insert()
 3 SYSTEMPATH\BaseModel.php(782): CodeIgniter\Model->doInsert([...])
 4 SYSTEMPATH\Model.php(729): CodeIgniter\BaseModel->insert([...], true)
 5 APPPATH\Controllers\DatasetupController.php(25): CodeIgniter\Model->insert([...])
 6 SYSTEMPATH\CodeIgniter.php(934): App\Controllers\DatasetupController->save_category()
 7 SYSTEMPATH\CodeIgniter.php(499): CodeIgniter\CodeIgniter->runController(Object(App\Controllers\DatasetupController))
 8 SYSTEMPATH\CodeIgniter.php(368): CodeIgniter\CodeIgniter->handleRequest(null, Object(Config\Cache), false)
 9 FCPATH\index.php(67): CodeIgniter\CodeIgniter->run()
ERROR - 2023-01-30 14:21:41 --> mysqli_sql_exception: Column 'cate_name' cannot be null in C:\wamp64\www\Mypos\vendor\codeigniter4\framework\system\Database\MySQLi\Connection.php:295
Stack trace:
#0 C:\wamp64\www\Mypos\vendor\codeigniter4\framework\system\Database\MySQLi\Connection.php(295): mysqli->query('INSERT INTO `Ca...', 0)
#1 C:\wamp64\www\Mypos\vendor\codeigniter4\framework\system\Database\BaseConnection.php(691): CodeIgniter\Database\MySQLi\Connection->execute('INSERT INTO `Ca...')
#2 C:\wamp64\www\Mypos\vendor\codeigniter4\framework\system\Database\BaseConnection.php(605): CodeIgniter\Database\BaseConnection->simpleQuery('INSERT INTO `Ca...')
#3 C:\wamp64\www\Mypos\vendor\codeigniter4\framework\system\Database\BaseBuilder.php(2295): CodeIgniter\Database\BaseConnection->query('INSERT INTO `Ca...', Array, false)
#4 C:\wamp64\www\Mypos\vendor\codeigniter4\framework\system\Model.php(329): CodeIgniter\Database\BaseBuilder->insert()
#5 C:\wamp64\www\Mypos\vendor\codeigniter4\framework\system\BaseModel.php(782): CodeIgniter\Model->doInsert(Array)
#6 C:\wamp64\www\Mypos\vendor\codeigniter4\framework\system\Model.php(729): CodeIgniter\BaseModel->insert(Array, true)
#7 C:\wamp64\www\Mypos\app\Controllers\DatasetupController.php(25): CodeIgniter\Model->insert(Array)
#8 C:\wamp64\www\Mypos\vendor\codeigniter4\framework\system\CodeIgniter.php(934): App\Controllers\DatasetupController->save_category()
#9 C:\wamp64\www\Mypos\vendor\codeigniter4\framework\system\CodeIgniter.php(499): CodeIgniter\CodeIgniter->runController(Object(App\Controllers\DatasetupController))
#10 C:\wamp64\www\Mypos\vendor\codeigniter4\framework\system\CodeIgniter.php(368): CodeIgniter\CodeIgniter->handleRequest(NULL, Object(Config\Cache), false)
#11 C:\wamp64\www\Mypos\index.php(67): CodeIgniter\CodeIgniter->run()
#12 {main}
CRITICAL - 2023-01-30 14:21:41 --> Column 'cate_name' cannot be null
in SYSTEMPATH\Database\BaseConnection.php on line 645.
 1 SYSTEMPATH\Database\BaseBuilder.php(2295): CodeIgniter\Database\BaseConnection->query('INSERT INTO `Category` (`cate_name`, `des`) VALUES (:cate_name:, :des:)', [...], false)
 2 SYSTEMPATH\Model.php(329): CodeIgniter\Database\BaseBuilder->insert()
 3 SYSTEMPATH\BaseModel.php(782): CodeIgniter\Model->doInsert([...])
 4 SYSTEMPATH\Model.php(729): CodeIgniter\BaseModel->insert([...], true)
 5 APPPATH\Controllers\DatasetupController.php(25): CodeIgniter\Model->insert([...])
 6 SYSTEMPATH\CodeIgniter.php(934): App\Controllers\DatasetupController->save_category()
 7 SYSTEMPATH\CodeIgniter.php(499): CodeIgniter\CodeIgniter->runController(Object(App\Controllers\DatasetupController))
 8 SYSTEMPATH\CodeIgniter.php(368): CodeIgniter\CodeIgniter->handleRequest(null, Object(Config\Cache), false)
 9 FCPATH\index.php(67): CodeIgniter\CodeIgniter->run()
ERROR - 2023-01-30 14:21:41 --> mysqli_sql_exception: Column 'cate_name' cannot be null in C:\wamp64\www\Mypos\vendor\codeigniter4\framework\system\Database\MySQLi\Connection.php:295
Stack trace:
#0 C:\wamp64\www\Mypos\vendor\codeigniter4\framework\system\Database\MySQLi\Connection.php(295): mysqli->query('INSERT INTO `Ca...', 0)
#1 C:\wamp64\www\Mypos\vendor\codeigniter4\framework\system\Database\BaseConnection.php(691): CodeIgniter\Database\MySQLi\Connection->execute('INSERT INTO `Ca...')
#2 C:\wamp64\www\Mypos\vendor\codeigniter4\framework\system\Database\BaseConnection.php(605): CodeIgniter\Database\BaseConnection->simpleQuery('INSERT INTO `Ca...')
#3 C:\wamp64\www\Mypos\vendor\codeigniter4\framework\system\Database\BaseBuilder.php(2295): CodeIgniter\Database\BaseConnection->query('INSERT INTO `Ca...', Array, false)
#4 C:\wamp64\www\Mypos\vendor\codeigniter4\framework\system\Model.php(329): CodeIgniter\Database\BaseBuilder->insert()
#5 C:\wamp64\www\Mypos\vendor\codeigniter4\framework\system\BaseModel.php(782): CodeIgniter\Model->doInsert(Array)
#6 C:\wamp64\www\Mypos\vendor\codeigniter4\framework\system\Model.php(729): CodeIgniter\BaseModel->insert(Array, true)
#7 C:\wamp64\www\Mypos\app\Controllers\DatasetupController.php(25): CodeIgniter\Model->insert(Array)
#8 C:\wamp64\www\Mypos\vendor\codeigniter4\framework\system\CodeIgniter.php(934): App\Controllers\DatasetupController->save_category()
#9 C:\wamp64\www\Mypos\vendor\codeigniter4\framework\system\CodeIgniter.php(499): CodeIgniter\CodeIgniter->runController(Object(App\Controllers\DatasetupController))
#10 C:\wamp64\www\Mypos\vendor\codeigniter4\framework\system\CodeIgniter.php(368): CodeIgniter\CodeIgniter->handleRequest(NULL, Object(Config\Cache), false)
#11 C:\wamp64\www\Mypos\index.php(67): CodeIgniter\CodeIgniter->run()
#12 {main}
CRITICAL - 2023-01-30 14:21:41 --> Column 'cate_name' cannot be null
in SYSTEMPATH\Database\BaseConnection.php on line 645.
 1 SYSTEMPATH\Database\BaseBuilder.php(2295): CodeIgniter\Database\BaseConnection->query('INSERT INTO `Category` (`cate_name`, `des`) VALUES (:cate_name:, :des:)', [...], false)
 2 SYSTEMPATH\Model.php(329): CodeIgniter\Database\BaseBuilder->insert()
 3 SYSTEMPATH\BaseModel.php(782): CodeIgniter\Model->doInsert([...])
 4 SYSTEMPATH\Model.php(729): CodeIgniter\BaseModel->insert([...], true)
 5 APPPATH\Controllers\DatasetupController.php(25): CodeIgniter\Model->insert([...])
 6 SYSTEMPATH\CodeIgniter.php(934): App\Controllers\DatasetupController->save_category()
 7 SYSTEMPATH\CodeIgniter.php(499): CodeIgniter\CodeIgniter->runController(Object(App\Controllers\DatasetupController))
 8 SYSTEMPATH\CodeIgniter.php(368): CodeIgniter\CodeIgniter->handleRequest(null, Object(Config\Cache), false)
 9 FCPATH\index.php(67): CodeIgniter\CodeIgniter->run()
ERROR - 2023-01-30 14:21:41 --> mysqli_sql_exception: Column 'cate_name' cannot be null in C:\wamp64\www\Mypos\vendor\codeigniter4\framework\system\Database\MySQLi\Connection.php:295
Stack trace:
#0 C:\wamp64\www\Mypos\vendor\codeigniter4\framework\system\Database\MySQLi\Connection.php(295): mysqli->query('INSERT INTO `Ca...', 0)
#1 C:\wamp64\www\Mypos\vendor\codeigniter4\framework\system\Database\BaseConnection.php(691): CodeIgniter\Database\MySQLi\Connection->execute('INSERT INTO `Ca...')
#2 C:\wamp64\www\Mypos\vendor\codeigniter4\framework\system\Database\BaseConnection.php(605): CodeIgniter\Database\BaseConnection->simpleQuery('INSERT INTO `Ca...')
#3 C:\wamp64\www\Mypos\vendor\codeigniter4\framework\system\Database\BaseBuilder.php(2295): CodeIgniter\Database\BaseConnection->query('INSERT INTO `Ca...', Array, false)
#4 C:\wamp64\www\Mypos\vendor\codeigniter4\framework\system\Model.php(329): CodeIgniter\Database\BaseBuilder->insert()
#5 C:\wamp64\www\Mypos\vendor\codeigniter4\framework\system\BaseModel.php(782): CodeIgniter\Model->doInsert(Array)
#6 C:\wamp64\www\Mypos\vendor\codeigniter4\framework\system\Model.php(729): CodeIgniter\BaseModel->insert(Array, true)
#7 C:\wamp64\www\Mypos\app\Controllers\DatasetupController.php(25): CodeIgniter\Model->insert(Array)
#8 C:\wamp64\www\Mypos\vendor\codeigniter4\framework\system\CodeIgniter.php(934): App\Controllers\DatasetupController->save_category()
#9 C:\wamp64\www\Mypos\vendor\codeigniter4\framework\system\CodeIgniter.php(499): CodeIgniter\CodeIgniter->runController(Object(App\Controllers\DatasetupController))
#10 C:\wamp64\www\Mypos\vendor\codeigniter4\framework\system\CodeIgniter.php(368): CodeIgniter\CodeIgniter->handleRequest(NULL, Object(Config\Cache), false)
#11 C:\wamp64\www\Mypos\index.php(67): CodeIgniter\CodeIgniter->run()
#12 {main}
CRITICAL - 2023-01-30 14:21:41 --> Column 'cate_name' cannot be null
in SYSTEMPATH\Database\BaseConnection.php on line 645.
 1 SYSTEMPATH\Database\BaseBuilder.php(2295): CodeIgniter\Database\BaseConnection->query('INSERT INTO `Category` (`cate_name`, `des`) VALUES (:cate_name:, :des:)', [...], false)
 2 SYSTEMPATH\Model.php(329): CodeIgniter\Database\BaseBuilder->insert()
 3 SYSTEMPATH\BaseModel.php(782): CodeIgniter\Model->doInsert([...])
 4 SYSTEMPATH\Model.php(729): CodeIgniter\BaseModel->insert([...], true)
 5 APPPATH\Controllers\DatasetupController.php(25): CodeIgniter\Model->insert([...])
 6 SYSTEMPATH\CodeIgniter.php(934): App\Controllers\DatasetupController->save_category()
 7 SYSTEMPATH\CodeIgniter.php(499): CodeIgniter\CodeIgniter->runController(Object(App\Controllers\DatasetupController))
 8 SYSTEMPATH\CodeIgniter.php(368): CodeIgniter\CodeIgniter->handleRequest(null, Object(Config\Cache), false)
 9 FCPATH\index.php(67): CodeIgniter\CodeIgniter->run()
ERROR - 2023-01-30 14:21:42 --> mysqli_sql_exception: Column 'cate_name' cannot be null in C:\wamp64\www\Mypos\vendor\codeigniter4\framework\system\Database\MySQLi\Connection.php:295
Stack trace:
#0 C:\wamp64\www\Mypos\vendor\codeigniter4\framework\system\Database\MySQLi\Connection.php(295): mysqli->query('INSERT INTO `Ca...', 0)
#1 C:\wamp64\www\Mypos\vendor\codeigniter4\framework\system\Database\BaseConnection.php(691): CodeIgniter\Database\MySQLi\Connection->execute('INSERT INTO `Ca...')
#2 C:\wamp64\www\Mypos\vendor\codeigniter4\framework\system\Database\BaseConnection.php(605): CodeIgniter\Database\BaseConnection->simpleQuery('INSERT INTO `Ca...')
#3 C:\wamp64\www\Mypos\vendor\codeigniter4\framework\system\Database\BaseBuilder.php(2295): CodeIgniter\Database\BaseConnection->query('INSERT INTO `Ca...', Array, false)
#4 C:\wamp64\www\Mypos\vendor\codeigniter4\framework\system\Model.php(329): CodeIgniter\Database\BaseBuilder->insert()
#5 C:\wamp64\www\Mypos\vendor\codeigniter4\framework\system\BaseModel.php(782): CodeIgniter\Model->doInsert(Array)
#6 C:\wamp64\www\Mypos\vendor\codeigniter4\framework\system\Model.php(729): CodeIgniter\BaseModel->insert(Array, true)
#7 C:\wamp64\www\Mypos\app\Controllers\DatasetupController.php(25): CodeIgniter\Model->insert(Array)
#8 C:\wamp64\www\Mypos\vendor\codeigniter4\framework\system\CodeIgniter.php(934): App\Controllers\DatasetupController->save_category()
#9 C:\wamp64\www\Mypos\vendor\codeigniter4\framework\system\CodeIgniter.php(499): CodeIgniter\CodeIgniter->runController(Object(App\Controllers\DatasetupController))
#10 C:\wamp64\www\Mypos\vendor\codeigniter4\framework\system\CodeIgniter.php(368): CodeIgniter\CodeIgniter->handleRequest(NULL, Object(Config\Cache), false)
#11 C:\wamp64\www\Mypos\index.php(67): CodeIgniter\CodeIgniter->run()
#12 {main}
CRITICAL - 2023-01-30 14:21:42 --> Column 'cate_name' cannot be null
in SYSTEMPATH\Database\BaseConnection.php on line 645.
 1 SYSTEMPATH\Database\BaseBuilder.php(2295): CodeIgniter\Database\BaseConnection->query('INSERT INTO `Category` (`cate_name`, `des`) VALUES (:cate_name:, :des:)', [...], false)
 2 SYSTEMPATH\Model.php(329): CodeIgniter\Database\BaseBuilder->insert()
 3 SYSTEMPATH\BaseModel.php(782): CodeIgniter\Model->doInsert([...])
 4 SYSTEMPATH\Model.php(729): CodeIgniter\BaseModel->insert([...], true)
 5 APPPATH\Controllers\DatasetupController.php(25): CodeIgniter\Model->insert([...])
 6 SYSTEMPATH\CodeIgniter.php(934): App\Controllers\DatasetupController->save_category()
 7 SYSTEMPATH\CodeIgniter.php(499): CodeIgniter\CodeIgniter->runController(Object(App\Controllers\DatasetupController))
 8 SYSTEMPATH\CodeIgniter.php(368): CodeIgniter\CodeIgniter->handleRequest(null, Object(Config\Cache), false)
 9 FCPATH\index.php(67): CodeIgniter\CodeIgniter->run()
ERROR - 2023-01-30 14:22:11 --> mysqli_sql_exception: Column 'cate_name' cannot be null in C:\wamp64\www\Mypos\vendor\codeigniter4\framework\system\Database\MySQLi\Connection.php:295
Stack trace:
#0 C:\wamp64\www\Mypos\vendor\codeigniter4\framework\system\Database\MySQLi\Connection.php(295): mysqli->query('INSERT INTO `Ca...', 0)
#1 C:\wamp64\www\Mypos\vendor\codeigniter4\framework\system\Database\BaseConnection.php(691): CodeIgniter\Database\MySQLi\Connection->execute('INSERT INTO `Ca...')
#2 C:\wamp64\www\Mypos\vendor\codeigniter4\framework\system\Database\BaseConnection.php(605): CodeIgniter\Database\BaseConnection->simpleQuery('INSERT INTO `Ca...')
#3 C:\wamp64\www\Mypos\vendor\codeigniter4\framework\system\Database\BaseBuilder.php(2295): CodeIgniter\Database\BaseConnection->query('INSERT INTO `Ca...', Array, false)
#4 C:\wamp64\www\Mypos\vendor\codeigniter4\framework\system\Model.php(329): CodeIgniter\Database\BaseBuilder->insert()
#5 C:\wamp64\www\Mypos\vendor\codeigniter4\framework\system\BaseModel.php(782): CodeIgniter\Model->doInsert(Array)
#6 C:\wamp64\www\Mypos\vendor\codeigniter4\framework\system\Model.php(729): CodeIgniter\BaseModel->insert(Array, true)
#7 C:\wamp64\www\Mypos\app\Controllers\DatasetupController.php(25): CodeIgniter\Model->insert(Array)
#8 C:\wamp64\www\Mypos\vendor\codeigniter4\framework\system\CodeIgniter.php(934): App\Controllers\DatasetupController->save_category()
#9 C:\wamp64\www\Mypos\vendor\codeigniter4\framework\system\CodeIgniter.php(499): CodeIgniter\CodeIgniter->runController(Object(App\Controllers\DatasetupController))
#10 C:\wamp64\www\Mypos\vendor\codeigniter4\framework\system\CodeIgniter.php(368): CodeIgniter\CodeIgniter->handleRequest(NULL, Object(Config\Cache), false)
#11 C:\wamp64\www\Mypos\index.php(67): CodeIgniter\CodeIgniter->run()
#12 {main}
CRITICAL - 2023-01-30 14:22:11 --> Column 'cate_name' cannot be null
in SYSTEMPATH\Database\BaseConnection.php on line 645.
 1 SYSTEMPATH\Database\BaseBuilder.php(2295): CodeIgniter\Database\BaseConnection->query('INSERT INTO `Category` (`cate_name`, `des`) VALUES (:cate_name:, :des:)', [...], false)
 2 SYSTEMPATH\Model.php(329): CodeIgniter\Database\BaseBuilder->insert()
 3 SYSTEMPATH\BaseModel.php(782): CodeIgniter\Model->doInsert([...])
 4 SYSTEMPATH\Model.php(729): CodeIgniter\BaseModel->insert([...], true)
 5 APPPATH\Controllers\DatasetupController.php(25): CodeIgniter\Model->insert([...])
 6 SYSTEMPATH\CodeIgniter.php(934): App\Controllers\DatasetupController->save_category()
 7 SYSTEMPATH\CodeIgniter.php(499): CodeIgniter\CodeIgniter->runController(Object(App\Controllers\DatasetupController))
 8 SYSTEMPATH\CodeIgniter.php(368): CodeIgniter\CodeIgniter->handleRequest(null, Object(Config\Cache), false)
 9 FCPATH\index.php(67): CodeIgniter\CodeIgniter->run()
ERROR - 2023-01-30 14:23:34 --> mysqli_sql_exception: Column 'cate_name' cannot be null in C:\wamp64\www\Mypos\vendor\codeigniter4\framework\system\Database\MySQLi\Connection.php:295
Stack trace:
#0 C:\wamp64\www\Mypos\vendor\codeigniter4\framework\system\Database\MySQLi\Connection.php(295): mysqli->query('INSERT INTO `Ca...', 0)
#1 C:\wamp64\www\Mypos\vendor\codeigniter4\framework\system\Database\BaseConnection.php(691): CodeIgniter\Database\MySQLi\Connection->execute('INSERT INTO `Ca...')
#2 C:\wamp64\www\Mypos\vendor\codeigniter4\framework\system\Database\BaseConnection.php(605): CodeIgniter\Database\BaseConnection->simpleQuery('INSERT INTO `Ca...')
#3 C:\wamp64\www\Mypos\vendor\codeigniter4\framework\system\Database\BaseBuilder.php(2295): CodeIgniter\Database\BaseConnection->query('INSERT INTO `Ca...', Array, false)
#4 C:\wamp64\www\Mypos\vendor\codeigniter4\framework\system\Model.php(329): CodeIgniter\Database\BaseBuilder->insert()
#5 C:\wamp64\www\Mypos\vendor\codeigniter4\framework\system\BaseModel.php(782): CodeIgniter\Model->doInsert(Array)
#6 C:\wamp64\www\Mypos\vendor\codeigniter4\framework\system\Model.php(729): CodeIgniter\BaseModel->insert(Array, true)
#7 C:\wamp64\www\Mypos\app\Controllers\DatasetupController.php(25): CodeIgniter\Model->insert(Array)
#8 C:\wamp64\www\Mypos\vendor\codeigniter4\framework\system\CodeIgniter.php(934): App\Controllers\DatasetupController->save_category()
#9 C:\wamp64\www\Mypos\vendor\codeigniter4\framework\system\CodeIgniter.php(499): CodeIgniter\CodeIgniter->runController(Object(App\Controllers\DatasetupController))
#10 C:\wamp64\www\Mypos\vendor\codeigniter4\framework\system\CodeIgniter.php(368): CodeIgniter\CodeIgniter->handleRequest(NULL, Object(Config\Cache), false)
#11 C:\wamp64\www\Mypos\index.php(67): CodeIgniter\CodeIgniter->run()
#12 {main}
CRITICAL - 2023-01-30 14:23:34 --> Column 'cate_name' cannot be null
in SYSTEMPATH\Database\BaseConnection.php on line 645.
 1 SYSTEMPATH\Database\BaseBuilder.php(2295): CodeIgniter\Database\BaseConnection->query('INSERT INTO `Category` (`cate_name`, `des`) VALUES (:cate_name:, :des:)', [...], false)
 2 SYSTEMPATH\Model.php(329): CodeIgniter\Database\BaseBuilder->insert()
 3 SYSTEMPATH\BaseModel.php(782): CodeIgniter\Model->doInsert([...])
 4 SYSTEMPATH\Model.php(729): CodeIgniter\BaseModel->insert([...], true)
 5 APPPATH\Controllers\DatasetupController.php(25): CodeIgniter\Model->insert([...])
 6 SYSTEMPATH\CodeIgniter.php(934): App\Controllers\DatasetupController->save_category()
 7 SYSTEMPATH\CodeIgniter.php(499): CodeIgniter\CodeIgniter->runController(Object(App\Controllers\DatasetupController))
 8 SYSTEMPATH\CodeIgniter.php(368): CodeIgniter\CodeIgniter->handleRequest(null, Object(Config\Cache), false)
 9 FCPATH\index.php(67): CodeIgniter\CodeIgniter->run()
ERROR - 2023-01-30 14:23:59 --> mysqli_sql_exception: Column 'cate_name' cannot be null in C:\wamp64\www\Mypos\vendor\codeigniter4\framework\system\Database\MySQLi\Connection.php:295
Stack trace:
#0 C:\wamp64\www\Mypos\vendor\codeigniter4\framework\system\Database\MySQLi\Connection.php(295): mysqli->query('INSERT INTO `Ca...', 0)
#1 C:\wamp64\www\Mypos\vendor\codeigniter4\framework\system\Database\BaseConnection.php(691): CodeIgniter\Database\MySQLi\Connection->execute('INSERT INTO `Ca...')
#2 C:\wamp64\www\Mypos\vendor\codeigniter4\framework\system\Database\BaseConnection.php(605): CodeIgniter\Database\BaseConnection->simpleQuery('INSERT INTO `Ca...')
#3 C:\wamp64\www\Mypos\vendor\codeigniter4\framework\system\Database\BaseBuilder.php(2295): CodeIgniter\Database\BaseConnection->query('INSERT INTO `Ca...', Array, false)
#4 C:\wamp64\www\Mypos\vendor\codeigniter4\framework\system\Model.php(329): CodeIgniter\Database\BaseBuilder->insert()
#5 C:\wamp64\www\Mypos\vendor\codeigniter4\framework\system\BaseModel.php(782): CodeIgniter\Model->doInsert(Array)
#6 C:\wamp64\www\Mypos\vendor\codeigniter4\framework\system\Model.php(729): CodeIgniter\BaseModel->insert(Array, true)
#7 C:\wamp64\www\Mypos\app\Controllers\DatasetupController.php(25): CodeIgniter\Model->insert(Array)
#8 C:\wamp64\www\Mypos\vendor\codeigniter4\framework\system\CodeIgniter.php(934): App\Controllers\DatasetupController->save_category()
#9 C:\wamp64\www\Mypos\vendor\codeigniter4\framework\system\CodeIgniter.php(499): CodeIgniter\CodeIgniter->runController(Object(App\Controllers\DatasetupController))
#10 C:\wamp64\www\Mypos\vendor\codeigniter4\framework\system\CodeIgniter.php(368): CodeIgniter\CodeIgniter->handleRequest(NULL, Object(Config\Cache), false)
#11 C:\wamp64\www\Mypos\index.php(67): CodeIgniter\CodeIgniter->run()
#12 {main}
CRITICAL - 2023-01-30 14:23:59 --> Column 'cate_name' cannot be null
in SYSTEMPATH\Database\BaseConnection.php on line 645.
 1 SYSTEMPATH\Database\BaseBuilder.php(2295): CodeIgniter\Database\BaseConnection->query('INSERT INTO `Category` (`cate_name`, `des`) VALUES (:cate_name:, :des:)', [...], false)
 2 SYSTEMPATH\Model.php(329): CodeIgniter\Database\BaseBuilder->insert()
 3 SYSTEMPATH\BaseModel.php(782): CodeIgniter\Model->doInsert([...])
 4 SYSTEMPATH\Model.php(729): CodeIgniter\BaseModel->insert([...], true)
 5 APPPATH\Controllers\DatasetupController.php(25): CodeIgniter\Model->insert([...])
 6 SYSTEMPATH\CodeIgniter.php(934): App\Controllers\DatasetupController->save_category()
 7 SYSTEMPATH\CodeIgniter.php(499): CodeIgniter\CodeIgniter->runController(Object(App\Controllers\DatasetupController))
 8 SYSTEMPATH\CodeIgniter.php(368): CodeIgniter\CodeIgniter->handleRequest(null, Object(Config\Cache), false)
 9 FCPATH\index.php(67): CodeIgniter\CodeIgniter->run()
ERROR - 2023-01-30 14:24:11 --> mysqli_sql_exception: Column 'cate_name' cannot be null in C:\wamp64\www\Mypos\vendor\codeigniter4\framework\system\Database\MySQLi\Connection.php:295
Stack trace:
#0 C:\wamp64\www\Mypos\vendor\codeigniter4\framework\system\Database\MySQLi\Connection.php(295): mysqli->query('INSERT INTO `Ca...', 0)
#1 C:\wamp64\www\Mypos\vendor\codeigniter4\framework\system\Database\BaseConnection.php(691): CodeIgniter\Database\MySQLi\Connection->execute('INSERT INTO `Ca...')
#2 C:\wamp64\www\Mypos\vendor\codeigniter4\framework\system\Database\BaseConnection.php(605): CodeIgniter\Database\BaseConnection->simpleQuery('INSERT INTO `Ca...')
#3 C:\wamp64\www\Mypos\vendor\codeigniter4\framework\system\Database\BaseBuilder.php(2295): CodeIgniter\Database\BaseConnection->query('INSERT INTO `Ca...', Array, false)
#4 C:\wamp64\www\Mypos\vendor\codeigniter4\framework\system\Model.php(329): CodeIgniter\Database\BaseBuilder->insert()
#5 C:\wamp64\www\Mypos\vendor\codeigniter4\framework\system\BaseModel.php(782): CodeIgniter\Model->doInsert(Array)
#6 C:\wamp64\www\Mypos\vendor\codeigniter4\framework\system\Model.php(729): CodeIgniter\BaseModel->insert(Array, true)
#7 C:\wamp64\www\Mypos\app\Controllers\DatasetupController.php(25): CodeIgniter\Model->insert(Array)
#8 C:\wamp64\www\Mypos\vendor\codeigniter4\framework\system\CodeIgniter.php(934): App\Controllers\DatasetupController->save_category()
#9 C:\wamp64\www\Mypos\vendor\codeigniter4\framework\system\CodeIgniter.php(499): CodeIgniter\CodeIgniter->runController(Object(App\Controllers\DatasetupController))
#10 C:\wamp64\www\Mypos\vendor\codeigniter4\framework\system\CodeIgniter.php(368): CodeIgniter\CodeIgniter->handleRequest(NULL, Object(Config\Cache), false)
#11 C:\wamp64\www\Mypos\index.php(67): CodeIgniter\CodeIgniter->run()
#12 {main}
CRITICAL - 2023-01-30 14:24:11 --> Column 'cate_name' cannot be null
in SYSTEMPATH\Database\BaseConnection.php on line 645.
 1 SYSTEMPATH\Database\BaseBuilder.php(2295): CodeIgniter\Database\BaseConnection->query('INSERT INTO `Category` (`cate_name`, `des`) VALUES (:cate_name:, :des:)', [...], false)
 2 SYSTEMPATH\Model.php(329): CodeIgniter\Database\BaseBuilder->insert()
 3 SYSTEMPATH\BaseModel.php(782): CodeIgniter\Model->doInsert([...])
 4 SYSTEMPATH\Model.php(729): CodeIgniter\BaseModel->insert([...], true)
 5 APPPATH\Controllers\DatasetupController.php(25): CodeIgniter\Model->insert([...])
 6 SYSTEMPATH\CodeIgniter.php(934): App\Controllers\DatasetupController->save_category()
 7 SYSTEMPATH\CodeIgniter.php(499): CodeIgniter\CodeIgniter->runController(Object(App\Controllers\DatasetupController))
 8 SYSTEMPATH\CodeIgniter.php(368): CodeIgniter\CodeIgniter->handleRequest(null, Object(Config\Cache), false)
 9 FCPATH\index.php(67): CodeIgniter\CodeIgniter->run()
ERROR - 2023-01-30 14:24:12 --> mysqli_sql_exception: Column 'cate_name' cannot be null in C:\wamp64\www\Mypos\vendor\codeigniter4\framework\system\Database\MySQLi\Connection.php:295
Stack trace:
#0 C:\wamp64\www\Mypos\vendor\codeigniter4\framework\system\Database\MySQLi\Connection.php(295): mysqli->query('INSERT INTO `Ca...', 0)
#1 C:\wamp64\www\Mypos\vendor\codeigniter4\framework\system\Database\BaseConnection.php(691): CodeIgniter\Database\MySQLi\Connection->execute('INSERT INTO `Ca...')
#2 C:\wamp64\www\Mypos\vendor\codeigniter4\framework\system\Database\BaseConnection.php(605): CodeIgniter\Database\BaseConnection->simpleQuery('INSERT INTO `Ca...')
#3 C:\wamp64\www\Mypos\vendor\codeigniter4\framework\system\Database\BaseBuilder.php(2295): CodeIgniter\Database\BaseConnection->query('INSERT INTO `Ca...', Array, false)
#4 C:\wamp64\www\Mypos\vendor\codeigniter4\framework\system\Model.php(329): CodeIgniter\Database\BaseBuilder->insert()
#5 C:\wamp64\www\Mypos\vendor\codeigniter4\framework\system\BaseModel.php(782): CodeIgniter\Model->doInsert(Array)
#6 C:\wamp64\www\Mypos\vendor\codeigniter4\framework\system\Model.php(729): CodeIgniter\BaseModel->insert(Array, true)
#7 C:\wamp64\www\Mypos\app\Controllers\DatasetupController.php(25): CodeIgniter\Model->insert(Array)
#8 C:\wamp64\www\Mypos\vendor\codeigniter4\framework\system\CodeIgniter.php(934): App\Controllers\DatasetupController->save_category()
#9 C:\wamp64\www\Mypos\vendor\codeigniter4\framework\system\CodeIgniter.php(499): CodeIgniter\CodeIgniter->runController(Object(App\Controllers\DatasetupController))
#10 C:\wamp64\www\Mypos\vendor\codeigniter4\framework\system\CodeIgniter.php(368): CodeIgniter\CodeIgniter->handleRequest(NULL, Object(Config\Cache), false)
#11 C:\wamp64\www\Mypos\index.php(67): CodeIgniter\CodeIgniter->run()
#12 {main}
CRITICAL - 2023-01-30 14:24:12 --> Column 'cate_name' cannot be null
in SYSTEMPATH\Database\BaseConnection.php on line 645.
 1 SYSTEMPATH\Database\BaseBuilder.php(2295): CodeIgniter\Database\BaseConnection->query('INSERT INTO `Category` (`cate_name`, `des`) VALUES (:cate_name:, :des:)', [...], false)
 2 SYSTEMPATH\Model.php(329): CodeIgniter\Database\BaseBuilder->insert()
 3 SYSTEMPATH\BaseModel.php(782): CodeIgniter\Model->doInsert([...])
 4 SYSTEMPATH\Model.php(729): CodeIgniter\BaseModel->insert([...], true)
 5 APPPATH\Controllers\DatasetupController.php(25): CodeIgniter\Model->insert([...])
 6 SYSTEMPATH\CodeIgniter.php(934): App\Controllers\DatasetupController->save_category()
 7 SYSTEMPATH\CodeIgniter.php(499): CodeIgniter\CodeIgniter->runController(Object(App\Controllers\DatasetupController))
 8 SYSTEMPATH\CodeIgniter.php(368): CodeIgniter\CodeIgniter->handleRequest(null, Object(Config\Cache), false)
 9 FCPATH\index.php(67): CodeIgniter\CodeIgniter->run()
ERROR - 2023-01-30 14:24:28 --> mysqli_sql_exception: Column 'cate_name' cannot be null in C:\wamp64\www\Mypos\vendor\codeigniter4\framework\system\Database\MySQLi\Connection.php:295
Stack trace:
#0 C:\wamp64\www\Mypos\vendor\codeigniter4\framework\system\Database\MySQLi\Connection.php(295): mysqli->query('INSERT INTO `Ca...', 0)
#1 C:\wamp64\www\Mypos\vendor\codeigniter4\framework\system\Database\BaseConnection.php(691): CodeIgniter\Database\MySQLi\Connection->execute('INSERT INTO `Ca...')
#2 C:\wamp64\www\Mypos\vendor\codeigniter4\framework\system\Database\BaseConnection.php(605): CodeIgniter\Database\BaseConnection->simpleQuery('INSERT INTO `Ca...')
#3 C:\wamp64\www\Mypos\vendor\codeigniter4\framework\system\Database\BaseBuilder.php(2295): CodeIgniter\Database\BaseConnection->query('INSERT INTO `Ca...', Array, false)
#4 C:\wamp64\www\Mypos\vendor\codeigniter4\framework\system\Model.php(329): CodeIgniter\Database\BaseBuilder->insert()
#5 C:\wamp64\www\Mypos\vendor\codeigniter4\framework\system\BaseModel.php(782): CodeIgniter\Model->doInsert(Array)
#6 C:\wamp64\www\Mypos\vendor\codeigniter4\framework\system\Model.php(729): CodeIgniter\BaseModel->insert(Array, true)
#7 C:\wamp64\www\Mypos\app\Controllers\DatasetupController.php(25): CodeIgniter\Model->insert(Array)
#8 C:\wamp64\www\Mypos\vendor\codeigniter4\framework\system\CodeIgniter.php(934): App\Controllers\DatasetupController->save_category()
#9 C:\wamp64\www\Mypos\vendor\codeigniter4\framework\system\CodeIgniter.php(499): CodeIgniter\CodeIgniter->runController(Object(App\Controllers\DatasetupController))
#10 C:\wamp64\www\Mypos\vendor\codeigniter4\framework\system\CodeIgniter.php(368): CodeIgniter\CodeIgniter->handleRequest(NULL, Object(Config\Cache), false)
#11 C:\wamp64\www\Mypos\index.php(67): CodeIgniter\CodeIgniter->run()
#12 {main}
CRITICAL - 2023-01-30 14:24:28 --> Column 'cate_name' cannot be null
in SYSTEMPATH\Database\BaseConnection.php on line 645.
 1 SYSTEMPATH\Database\BaseBuilder.php(2295): CodeIgniter\Database\BaseConnection->query('INSERT INTO `Category` (`cate_name`, `des`) VALUES (:cate_name:, :des:)', [...], false)
 2 SYSTEMPATH\Model.php(329): CodeIgniter\Database\BaseBuilder->insert()
 3 SYSTEMPATH\BaseModel.php(782): CodeIgniter\Model->doInsert([...])
 4 SYSTEMPATH\Model.php(729): CodeIgniter\BaseModel->insert([...], true)
 5 APPPATH\Controllers\DatasetupController.php(25): CodeIgniter\Model->insert([...])
 6 SYSTEMPATH\CodeIgniter.php(934): App\Controllers\DatasetupController->save_category()
 7 SYSTEMPATH\CodeIgniter.php(499): CodeIgniter\CodeIgniter->runController(Object(App\Controllers\DatasetupController))
 8 SYSTEMPATH\CodeIgniter.php(368): CodeIgniter\CodeIgniter->handleRequest(null, Object(Config\Cache), false)
 9 FCPATH\index.php(67): CodeIgniter\CodeIgniter->run()
